{"/Users/dplus/Desktop/NodeUnit+integration/backend-nodejs/src/api/product/index.js": {"path":"/Users/dplus/Desktop/NodeUnit+integration/backend-nodejs/src/api/product/index.js","statementMap":{"0":{"start":{"line":3,"column":16},"end":{"line":8,"column":1}},"1":{"start":{"line":5,"column":4},"end":{"line":6,"column":17}},"2":{"start":{"line":6,"column":8},"end":{"line":6,"column":17}},"3":{"start":{"line":7,"column":4},"end":{"line":7,"column":26}},"4":{"start":{"line":11,"column":0},"end":{"line":13,"column":1}}},"fnMap":{"0":{"name":"(anonymous_0)","decl":{"start":{"line":3,"column":16},"end":{"line":3,"column":17}},"loc":{"start":{"line":3,"column":32},"end":{"line":8,"column":1}},"line":3}},"branchMap":{"0":{"loc":{"start":{"line":5,"column":4},"end":{"line":6,"column":17}},"type":"if","locations":[{"start":{"line":5,"column":4},"end":{"line":6,"column":17}},{"start":{"line":5,"column":4},"end":{"line":6,"column":17}}],"line":5}},"s":{"0":1,"1":5,"2":3,"3":2,"4":1},"f":{"0":5},"b":{"0":[3,2]},"_coverageSchema":"1a1c01bbd47fc00a2c39e90264f33305004495a9","hash":"56d40333e778b6923f127b47d20cb28ed4cdfd4b"}
}
